# JRE version: OpenJDK Runtime Environment (19.0.2+7) (build 19.0.2+7-44)
# Java VM: OpenJDK 64-Bit Server VM (19.0.2+7-44, mixed mode, sharing, tiered, compressed oops, compressed class ptrs, g1 gc, windows-amd64)
GC Precious Log:
 CardTable entry size: 512
 Card Set container configuration: InlinePtr #cards 5 size 8 Array Of Cards #cards 12 size 40 Howl #buckets 4 coarsen threshold 1843 Howl Bitmap #cards 512 size 80 coarsen threshold 460 Card regions per heap region 1 cards per card region 2048
 CPUs: 2 total, 2 available
 Memory: 6033M
 Large Page Support: Disabled
 NUMA Support: Disabled
 Compressed Oops: Enabled (32-bit)
 Heap Region Size: 1M
 Heap Min Capacity: 8M
 Heap Initial Capacity: 96M
 Heap Max Capacity: 1510M
 Pre-touch: Disabled
 Parallel Workers: 2
 Concurrent Workers: 1
 Concurrent Refinement Workers: 2
 Periodic GC: Disabled
Heap:
 garbage-first heap   total 98304K, used 11446K [0x00000000a1a00000, 0x0000000100000000)
  region size 1024K, 7 young (7168K), 6 survivors (6144K)
 Metaspace       used 19406K, committed 19712K, reserved 1114112K
  class space    used 2274K, committed 2432K, reserved 1048576K
GC Heap History (8 events):
Event: 3.167 GC heap before
{Heap before GC invocations=0 (full 0):
 garbage-first heap   total 98304K, used 6144K [0x00000000a1a00000, 0x0000000100000000)
  region size 1024K, 6 young (6144K), 0 survivors (0K)
 Metaspace       used 619K, committed 832K, reserved 1114112K
  class space    used 34K, committed 128K, reserved 1048576K
}
Event: 3.174 GC heap after
{Heap after GC invocations=1 (full 0):
 garbage-first heap   total 98304K, used 5029K [0x00000000a1a00000, 0x0000000100000000)
  region size 1024K, 1 young (1024K), 1 survivors (1024K)
 Metaspace       used 619K, committed 832K, reserved 1114112K
  class space    used 34K, committed 128K, reserved 1048576K
}
Event: 4.098 GC heap before
{Heap before GC invocations=1 (full 0):
 garbage-first heap   total 98304K, used 8101K [0x00000000a1a00000, 0x0000000100000000)
  region size 1024K, 4 young (4096K), 1 survivors (1024K)
 Metaspace       used 2513K, committed 2688K, reserved 1114112K
  class space    used 215K, committed 320K, reserved 1048576K
}
Event: 4.102 GC heap after
{Heap after GC invocations=2 (full 0):
 garbage-first heap   total 98304K, used 5821K [0x00000000a1a00000, 0x0000000100000000)
  region size 1024K, 1 young (1024K), 1 survivors (1024K)
 Metaspace       used 2513K, committed 2688K, reserved 1114112K
  class space    used 215K, committed 320K, reserved 1048576K
}
Event: 4.660 GC heap before
{Heap before GC invocations=2 (full 0):
 garbage-first heap   total 98304K, used 11965K [0x00000000a1a00000, 0x0000000100000000)
  region size 1024K, 8 young (8192K), 1 survivors (1024K)
 Metaspace       used 4537K, committed 4672K, reserved 1114112K
  class space    used 448K, committed 512K, reserved 1048576K
}
Event: 4.666 GC heap after
{Heap after GC invocations=3 (full 0):
 garbage-first heap   total 98304K, used 7037K [0x00000000a1a00000, 0x0000000100000000)
  region size 1024K, 1 young (1024K), 1 survivors (1024K)
 Metaspace       used 4537K, committed 4672K, reserved 1114112K
  class space    used 448K, committed 512K, reserved 1048576K
}
Event: 5.332 GC heap before
{Heap before GC invocations=3 (full 0):
 garbage-first heap   total 98304K, used 17277K [0x00000000a1a00000, 0x0000000100000000)
  region size 1024K, 12 young (12288K), 1 survivors (1024K)
 Metaspace       used 7317K, committed 7552K, reserved 1114112K
  class space    used 816K, committed 960K, reserved 1048576K
}
Event: 5.341 GC heap after
{Heap after GC invocations=4 (full 0):
 garbage-first heap   total 98304K, used 7919K [0x00000000a1a00000, 0x0000000100000000)
  region size 1024K, 2 young (2048K), 2 survivors (2048K)
 Metaspace       used 7317K, committed 7552K, reserved 1114112K
  class space    used 816K, committed 960K, reserved 1048576K
}

