# JRE version: OpenJDK Runtime Environment (19.0.2+7) (build 19.0.2+7-44)
# Java VM: OpenJDK 64-Bit Server VM (19.0.2+7-44, mixed mode, sharing, tiered, compressed oops, compressed class ptrs, g1 gc, windows-amd64)
GC Precious Log:
 CardTable entry size: 512
 Card Set container configuration: InlinePtr #cards 5 size 8 Array Of Cards #cards 12 size 40 Howl #buckets 4 coarsen threshold 1843 Howl Bitmap #cards 512 size 80 coarsen threshold 460 Card regions per heap region 1 cards per card region 2048
 CPUs: 2 total, 2 available
 Memory: 6033M
 Large Page Support: Disabled
 NUMA Support: Disabled
 Compressed Oops: Enabled (32-bit)
 Heap Region Size: 1M
 Heap Min Capacity: 8M
 Heap Initial Capacity: 96M
 Heap Max Capacity: 1510M
 Pre-touch: Disabled
 Parallel Workers: 2
 Concurrent Workers: 1
 Concurrent Refinement Workers: 2
 Periodic GC: Disabled
Heap:
 garbage-first heap   total 98304K, used 24351K [0x00000000a1a00000, 0x0000000100000000)
  region size 1024K, 20 young (20480K), 4 survivors (4096K)
 Metaspace       used 16491K, committed 16768K, reserved 1114112K
  class space    used 1957K, committed 2048K, reserved 1048576K
GC Heap History (8 events):
Event: 0.611 GC heap before
{Heap before GC invocations=0 (full 0):
 garbage-first heap   total 98304K, used 7168K [0x00000000a1a00000, 0x0000000100000000)
  region size 1024K, 6 young (6144K), 0 survivors (0K)
 Metaspace       used 864K, committed 960K, reserved 1114112K
  class space    used 61K, committed 128K, reserved 1048576K
}
Event: 0.617 GC heap after
{Heap after GC invocations=1 (full 0):
 garbage-first heap   total 98304K, used 4641K [0x00000000a1a00000, 0x0000000100000000)
  region size 1024K, 1 young (1024K), 1 survivors (1024K)
 Metaspace       used 864K, committed 960K, reserved 1114112K
  class space    used 61K, committed 128K, reserved 1048576K
}
Event: 1.118 GC heap before
{Heap before GC invocations=1 (full 0):
 garbage-first heap   total 98304K, used 7713K [0x00000000a1a00000, 0x0000000100000000)
  region size 1024K, 4 young (4096K), 1 survivors (1024K)
 Metaspace       used 2342K, committed 2496K, reserved 1114112K
  class space    used 191K, committed 256K, reserved 1048576K
}
Event: 1.127 GC heap after
{Heap after GC invocations=2 (full 0):
 garbage-first heap   total 98304K, used 5754K [0x00000000a1a00000, 0x0000000100000000)
  region size 1024K, 1 young (1024K), 1 survivors (1024K)
 Metaspace       used 2342K, committed 2496K, reserved 1114112K
  class space    used 191K, committed 256K, reserved 1048576K
}
Event: 1.863 GC heap before
{Heap before GC invocations=2 (full 0):
 garbage-first heap   total 98304K, used 12922K [0x00000000a1a00000, 0x0000000100000000)
  region size 1024K, 9 young (9216K), 1 survivors (1024K)
 Metaspace       used 4902K, committed 5056K, reserved 1114112K
  class space    used 498K, committed 576K, reserved 1048576K
}
Event: 1.869 GC heap after
{Heap after GC invocations=3 (full 0):
 garbage-first heap   total 98304K, used 7207K [0x00000000a1a00000, 0x0000000100000000)
  region size 1024K, 2 young (2048K), 2 survivors (2048K)
 Metaspace       used 4902K, committed 5056K, reserved 1114112K
  class space    used 498K, committed 576K, reserved 1048576K
}
Event: 3.706 GC heap before
{Heap before GC invocations=3 (full 0):
 garbage-first heap   total 98304K, used 34855K [0x00000000a1a00000, 0x0000000100000000)
  region size 1024K, 30 young (30720K), 2 survivors (2048K)
 Metaspace       used 12576K, committed 12864K, reserved 1114112K
  class space    used 1454K, committed 1600K, reserved 1048576K
}
Event: 3.718 GC heap after
{Heap after GC invocations=4 (full 0):
 garbage-first heap   total 98304K, used 8991K [0x00000000a1a00000, 0x0000000100000000)
  region size 1024K, 4 young (4096K), 4 survivors (4096K)
 Metaspace       used 12576K, committed 12864K, reserved 1114112K
  class space    used 1454K, committed 1600K, reserved 1048576K
}

